Using pre-set license
Built from '2021.1/release' branch; Version is '2021.1.16f1 (5fa502fca597) revision 6268162'; Using compiler version '192528614'; Build Type 'Release'
OS: 'Windows 10 Pro; OS build 19042.1288; Version 2009; 64bit' Language: 'es' Physical Memory: 3992 MB
BatchMode: 1, IsHumanControllingUs: 0, StartBugReporterOnCrash: 0, Is64bit: 1, IsPro: 0

 COMMAND LINE ARGUMENTS:
C:\Program Files\Unity\Hub\Editor\2021.1.16f1\Editor\Unity.exe
-adb2
-batchMode
-noUpm
-name
AssetImportWorker143
-projectPath
C:/Users/estef/OneDrive/Documents/UNIVERSITY/COMBARC/Combarc V1
-logFile
Logs/AssetImportWorker143.log
-srvPort
53685
Successfully changed project path to: C:/Users/estef/OneDrive/Documents/UNIVERSITY/COMBARC/Combarc V1
C:/Users/estef/OneDrive/Documents/UNIVERSITY/COMBARC/Combarc V1
Using Asset Import Pipeline V2.
Assertion failed on expression: 'm_ErrorCode == MDB_MAP_RESIZED || !HasAbortingErrors()'

received signal from system: SIGSEGV
Stack trace:
0x00007ff6ae1ded7c (Unity) StackWalker::GetCurrentCallstack
0x00007ff6ae1e4f29 (Unity) StackWalker::ShowCallstack
0x00007ff6ae9da823 (Unity) GetStacktrace
0x00007ff6ae1de460 (Unity) winutils::CrashHandler::DefaultSignalHandler
0x00007ff6b0599f5e (Unity) seh_filter_exe
0x00007ff6b066294d (Unity) `__scrt_common_main_seh'::`1'::filt$0
0x00007ff6b0566e38 (Unity) _C_specific_handler
0x00007ffbcf5b20cf (ntdll) _chkstk
0x00007ffbcf561454 (ntdll) RtlRaiseException
0x00007ffbcf5b0bfe (ntdll) KiUserExceptionDispatcher
0x00007ff6aeb04f3b (Unity) SourceAssetDBReadTxn::SourceAssetDBReadTxn
0x00007ff6aead31d6 (Unity) SyncAssetFoldersWithDB
0x00007ff6aeac23dd (Unity) InitializeAssetDatabaseV2
0x00007ff6aea60375 (Unity) AssetDatabase::InitializeAssetDatabase
0x00007ff6ae5d35d0 (Unity) Application::InitializeProject
0x00007ff6ae9e3ec7 (Unity) WinMain
0x00007ff6b0544672 (Unity) __scrt_common_main_seh
0x00007ffbcf3f7034 (KERNEL32) BaseThreadInitThunk
0x00007ffbcf562651 (ntdll) RtlUserThreadStart

