Using pre-set license
Built from '2021.1/release' branch; Version is '2021.1.16f1 (5fa502fca597) revision 6268162'; Using compiler version '192528614'; Build Type 'Release'
OS: 'Windows 10 Pro; OS build 19042.1348; Version 2009; 64bit' Language: 'es' Physical Memory: 3992 MB
BatchMode: 1, IsHumanControllingUs: 0, StartBugReporterOnCrash: 0, Is64bit: 1, IsPro: 0

 COMMAND LINE ARGUMENTS:
C:\Program Files\Unity\Hub\Editor\2021.1.16f1\Editor\Unity.exe
-adb2
-batchMode
-noUpm
-name
AssetImportWorker0
-projectPath
C:/Users/estef/OneDrive/Documents/COMBARC/Combarc V1
-logFile
Logs/AssetImportWorker0.log
-srvPort
55573
Successfully changed project path to: C:/Users/estef/OneDrive/Documents/COMBARC/Combarc V1
C:/Users/estef/OneDrive/Documents/COMBARC/Combarc V1
Using Asset Import Pipeline V2.
Refreshing native plugins compatible for Editor in 282.85 ms, found 4 plugins.
Preloading 0 native plugins for Editor in 0.00 ms.
Initialize engine version: 2021.1.16f1 (5fa502fca597)
[Subsystems] Discovering subsystems at path C:/Program Files/Unity/Hub/Editor/2021.1.16f1/Editor/Data/Resources/UnitySubsystems
[Subsystems] Discovering subsystems at path C:/Users/estef/OneDrive/Documents/COMBARC/Combarc V1/Assets
GfxDevice: creating device client; threaded=0; jobified=0
Direct3D:
    Version:  Direct3D 11.0 [level 11.0]
    Renderer: Intel(R) HD Graphics 4000 (ID=0x166)
    Vendor:   Intel
    VRAM:     128 MB
    Driver:   10.18.10.4358
Initialize mono
Mono path[0] = 'C:/Program Files/Unity/Hub/Editor/2021.1.16f1/Editor/Data/Managed'
Mono path[1] = 'C:/Program Files/Unity/Hub/Editor/2021.1.16f1/Editor/Data/MonoBleedingEdge/lib/mono/unityjit'
Mono config path = 'C:/Program Files/Unity/Hub/Editor/2021.1.16f1/Editor/Data/MonoBleedingEdge/etc'
Using monoOptions --debugger-agent=transport=dt_socket,embedding=1,server=y,suspend=n,address=127.0.0.1:56044
Begin MonoManager ReloadAssembly
Registering precompiled unity dll's ...
Register platform support module: C:/Program Files/Unity/Hub/Editor/2021.1.16f1/Editor/Data/PlaybackEngines/WebGLSupport/UnityEditor.WebGL.Extensions.dll
Register platform support module: C:/Program Files/Unity/Hub/Editor/2021.1.16f1/Editor/Data/PlaybackEngines/WindowsStandaloneSupport/UnityEditor.WindowsStandalone.Extensions.dll
Registered in 0.012983 seconds.
Native extension for WindowsStandalone target not found
Native extension for WebGL target not found
Refreshing native plugins compatible for Editor in 335.55 ms, found 4 plugins.
Preloading 0 native plugins for Editor in 0.00 ms.
Mono: successfully reloaded assembly
- Completed reload, in 11.566 seconds
Domain Reload Profiling:
	ReloadAssembly (11567ms)
		BeginReloadAssembly (438ms)
			ExecutionOrderSort (0ms)
			DisableScriptedObjects (0ms)
			BackupInstance (0ms)
			ReleaseScriptingObjects (0ms)
			CreateAndSetChildDomain (9ms)
		EndReloadAssembly (1781ms)
			LoadAssemblies (419ms)
			RebuildTransferFunctionScriptingTraits (2ms)
			SetupTypeCache (412ms)
			ReleaseScriptCaches (0ms)
			RebuildScriptCaches (74ms)
			SetupLoadedEditorAssemblies (1148ms)
				LogAssemblyErrors (0ms)
				InitializePlatformSupportModulesInManaged (17ms)
				SetLoadedEditorAssemblies (1ms)
				RefreshPlugins (336ms)
				BeforeProcessingInitializeOnLoad (121ms)
				ProcessInitializeOnLoadAttributes (564ms)
				ProcessInitializeOnLoadMethodAttributes (109ms)
				AfterProcessingInitializeOnLoad (0ms)
				EditorAssembliesLoaded (1ms)
			ExecutionOrderSort2 (0ms)
			AwakeInstancesAfterBackupRestoration (0ms)
Platform modules already initialized, skipping
Registering precompiled user dll's ...
Registered in 0.044622 seconds.
Begin MonoManager ReloadAssembly
Symbol file LoadedFromMemory doesn't match image C:\Users\estef\OneDrive\Documents\COMBARC\Combarc V1\Library\PackageCache\com.unity.visualscripting@1.6.1\Editor\VisualScripting.Core\Dependencies\YamlDotNet\Unity.VisualScripting.YamlDotNet.dll
Symbol file LoadedFromMemory doesn't match image C:\Users\estef\OneDrive\Documents\COMBARC\Combarc V1\Library\PackageCache\com.unity.visualscripting@1.6.1\Editor\VisualScripting.Core\Dependencies\DotNetZip\Unity.VisualScripting.IonicZip.dll
Native extension for WindowsStandalone target not found
Native extension for WebGL target not found
Refreshing native plugins compatible for Editor in 305.21 ms, found 4 plugins.
Preloading 0 native plugins for Editor in 0.00 ms.
Mono: successfully reloaded assembly
- Completed reload, in  4.954 seconds
Domain Reload Profiling:
	ReloadAssembly (4957ms)
		BeginReloadAssembly (491ms)
			ExecutionOrderSort (0ms)
			DisableScriptedObjects (15ms)
			BackupInstance (0ms)
			ReleaseScriptingObjects (2ms)
			CreateAndSetChildDomain (72ms)
		EndReloadAssembly (4318ms)
			LoadAssemblies (447ms)
			RebuildTransferFunctionScriptingTraits (0ms)
			SetupTypeCache (1244ms)
			ReleaseScriptCaches (1ms)
			RebuildScriptCaches (155ms)
			SetupLoadedEditorAssemblies (2145ms)
				LogAssemblyErrors (0ms)
				InitializePlatformSupportModulesInManaged (12ms)
				SetLoadedEditorAssemblies (1ms)
				RefreshPlugins (306ms)
				BeforeProcessingInitializeOnLoad (303ms)
				ProcessInitializeOnLoadAttributes (1439ms)
				ProcessInitializeOnLoadMethodAttributes (47ms)
				AfterProcessingInitializeOnLoad (37ms)
				EditorAssembliesLoaded (0ms)
			ExecutionOrderSort2 (0ms)
			AwakeInstancesAfterBackupRestoration (16ms)
Platform modules already initialized, skipping
========================================================================
Worker process is ready to serve import requests
Launched and connected shader compiler UnityShaderCompiler.exe after 0.57 seconds
Refreshing native plugins compatible for Editor in 1.94 ms, found 4 plugins.
Preloading 0 native plugins for Editor in 0.00 ms.
Unloading 3853 Unused Serialized files (Serialized files now loaded: 0)
System memory in use before: 144.6 MB.
System memory in use after: 144.7 MB.

Unloading 37 unused Assets to reduce memory usage. Loaded Objects now: 4301.
Total: 6.674900 ms (FindLiveObjects: 0.426500 ms CreateObjectMapping: 0.255800 ms MarkObjects: 5.753200 ms  DeleteObjects: 0.231500 ms)

AssetImportParameters requested are different than current active one (requested -> active):
  custom:framework-win-MediaFoundation: 216162199b28c13a410421893ffa2e32 -> 
  custom:video-decoder-ogg-theora: a1e56fd34408186e4bbccfd4996cb3dc -> 
  custom:container-muxer-webm: aa71ff27fc2769a1b78a27578f13a17b -> 
  custom:container-demuxer-webm: 4f35f7cbe854078d1ac9338744f61a02 -> 
  custom:container-demuxer-ogg: 62fdf1f143b41e24485cea50d1cbac27 -> 
  custom:video-encoder-webm-vp8: eb34c28f22e8b96e1ab97ce403110664 -> 
  custom:video-decoder-webm-vp8: 9c59270c3fd7afecdb556c50c9e8de78 -> 
  custom:audio-decoder-ogg-vorbis: bf7c407c2cedff20999df2af8eb42d56 -> 
  custom:audio-encoder-webm-vorbis: bf7c407c2cedff20999df2af8eb42d56 -> 
========================================================================
Received Import Request.
  path: Assets/Scenes/Begginning.unity
  artifactKey: Guid(b13939de02aedcd4f8be417b63ffda37) Importer(815301076,1909f56bfc062723c751e8b465ee728b)
Start importing Assets/Scenes/Begginning.unity using Guid(b13939de02aedcd4f8be417b63ffda37) Importer(815301076,1909f56bfc062723c751e8b465ee728b)  -> (artifact id: '84f9371a697b38cb8455fe8468ae5527') in 0.034519 seconds 
========================================================================
Received Prepare
Refreshing native plugins compatible for Editor in 68.58 ms, found 4 plugins.
Preloading 0 native plugins for Editor in 0.00 ms.
Unloading 23 Unused Serialized files (Serialized files now loaded: 0)
System memory in use before: 67.3 MB.
System memory in use after: 67.5 MB.

Unloading 23 unused Assets to reduce memory usage. Loaded Objects now: 4301.
Total: 12.338500 ms (FindLiveObjects: 0.934300 ms CreateObjectMapping: 0.614400 ms MarkObjects: 10.588700 ms  DeleteObjects: 0.195700 ms)

AssetImportParameters requested are different than current active one (requested -> active):
  custom:framework-win-MediaFoundation: 216162199b28c13a410421893ffa2e32 -> 
  custom:video-decoder-ogg-theora: a1e56fd34408186e4bbccfd4996cb3dc -> 
  custom:container-muxer-webm: aa71ff27fc2769a1b78a27578f13a17b -> 
  custom:container-demuxer-webm: 4f35f7cbe854078d1ac9338744f61a02 -> 
  custom:container-demuxer-ogg: 62fdf1f143b41e24485cea50d1cbac27 -> 
  custom:video-encoder-webm-vp8: eb34c28f22e8b96e1ab97ce403110664 -> 
  custom:video-decoder-webm-vp8: 9c59270c3fd7afecdb556c50c9e8de78 -> 
  custom:audio-decoder-ogg-vorbis: bf7c407c2cedff20999df2af8eb42d56 -> 
  custom:audio-encoder-webm-vorbis: bf7c407c2cedff20999df2af8eb42d56 -> 
========================================================================
Received Prepare
Refreshing native plugins compatible for Editor in 61.50 ms, found 4 plugins.
Preloading 0 native plugins for Editor in 0.00 ms.
Unloading 23 Unused Serialized files (Serialized files now loaded: 0)
System memory in use before: 67.3 MB.
System memory in use after: 67.5 MB.

Unloading 23 unused Assets to reduce memory usage. Loaded Objects now: 4301.
Total: 15.428900 ms (FindLiveObjects: 1.627400 ms CreateObjectMapping: 0.823100 ms MarkObjects: 12.758600 ms  DeleteObjects: 0.216100 ms)

AssetImportParameters requested are different than current active one (requested -> active):
  custom:framework-win-MediaFoundation: 216162199b28c13a410421893ffa2e32 -> 
  custom:video-decoder-ogg-theora: a1e56fd34408186e4bbccfd4996cb3dc -> 
  custom:container-muxer-webm: aa71ff27fc2769a1b78a27578f13a17b -> 
  custom:container-demuxer-webm: 4f35f7cbe854078d1ac9338744f61a02 -> 
  custom:container-demuxer-ogg: 62fdf1f143b41e24485cea50d1cbac27 -> 
  custom:video-encoder-webm-vp8: eb34c28f22e8b96e1ab97ce403110664 -> 
  custom:video-decoder-webm-vp8: 9c59270c3fd7afecdb556c50c9e8de78 -> 
  custom:audio-decoder-ogg-vorbis: bf7c407c2cedff20999df2af8eb42d56 -> 
  custom:audio-encoder-webm-vorbis: bf7c407c2cedff20999df2af8eb42d56 -> 
========================================================================
Received Import Request.
  Time since last request: 272.061392 seconds.
  path: Assets/Scenes/Loading Scene 1.unity
  artifactKey: Guid(db23ddab9718c264488c9d911035a76f) Importer(815301076,1909f56bfc062723c751e8b465ee728b)
Start importing Assets/Scenes/Loading Scene 1.unity using Guid(db23ddab9718c264488c9d911035a76f) Importer(815301076,1909f56bfc062723c751e8b465ee728b)  -> (artifact id: 'fc9b3f762f86d362bc580d458797052f') in 0.054383 seconds 
========================================================================
Received Import Request.
  Time since last request: 25.182758 seconds.
  path: Assets/Scenes/Dialog Pt2.unity
  artifactKey: Guid(081a8ed5370cc0a4bb51b9025597b90d) Importer(815301076,1909f56bfc062723c751e8b465ee728b)
Start importing Assets/Scenes/Dialog Pt2.unity using Guid(081a8ed5370cc0a4bb51b9025597b90d) Importer(815301076,1909f56bfc062723c751e8b465ee728b)  -> (artifact id: '966c7febebd9bb7ba2f823aa635500b5') in 0.017464 seconds 
========================================================================
Received Import Request.
  Time since last request: 58.371551 seconds.
  path: Assets/Scenes/Loading Scene 1.unity
  artifactKey: Guid(db23ddab9718c264488c9d911035a76f) Importer(815301076,1909f56bfc062723c751e8b465ee728b)
Start importing Assets/Scenes/Loading Scene 1.unity using Guid(db23ddab9718c264488c9d911035a76f) Importer(815301076,1909f56bfc062723c751e8b465ee728b)  -> (artifact id: 'ad473b44eb1fdac0475e1fd8b0bab6a8') in 0.007332 seconds 
========================================================================
Received Import Request.
  Time since last request: 3.554829 seconds.
  path: Assets/Scenes/Loading Scene 2.unity
  artifactKey: Guid(2357dcd7bed6a704591b870e5ae96116) Importer(815301076,1909f56bfc062723c751e8b465ee728b)
Start importing Assets/Scenes/Loading Scene 2.unity using Guid(2357dcd7bed6a704591b870e5ae96116) Importer(815301076,1909f56bfc062723c751e8b465ee728b)  -> (artifact id: '47612194de233803e6c0f805f21f871b') in 0.011137 seconds 
========================================================================
Received Import Request.
  Time since last request: 14.032192 seconds.
  path: Assets/Scenes/Main Menu.unity
  artifactKey: Guid(a1b80e1430c611b478b448bcf7d29808) Importer(815301076,1909f56bfc062723c751e8b465ee728b)
Start importing Assets/Scenes/Main Menu.unity using Guid(a1b80e1430c611b478b448bcf7d29808) Importer(815301076,1909f56bfc062723c751e8b465ee728b)  -> (artifact id: '9daf8499b4e5c37c63d044971e2ced38') in 0.009985 seconds 
========================================================================
Received Import Request.
  Time since last request: 19.018449 seconds.
  path: Assets/Scenes/ToBeContinue.unity
  artifactKey: Guid(0708008e33f8ffa4e8def8641086495f) Importer(815301076,1909f56bfc062723c751e8b465ee728b)
Start importing Assets/Scenes/ToBeContinue.unity using Guid(0708008e33f8ffa4e8def8641086495f) Importer(815301076,1909f56bfc062723c751e8b465ee728b)  -> (artifact id: '0f6a3048a93fe91aab5b7184757fe695') in 0.011733 seconds 
========================================================================
Received Prepare
Refreshing native plugins compatible for Editor in 54.41 ms, found 4 plugins.
Preloading 0 native plugins for Editor in 0.00 ms.
Unloading 23 Unused Serialized files (Serialized files now loaded: 0)
System memory in use before: 67.4 MB.
System memory in use after: 67.5 MB.

Unloading 23 unused Assets to reduce memory usage. Loaded Objects now: 4301.
Total: 46.756700 ms (FindLiveObjects: 0.546600 ms CreateObjectMapping: 0.501500 ms MarkObjects: 45.498500 ms  DeleteObjects: 0.207700 ms)

AssetImportParameters requested are different than current active one (requested -> active):
  custom:framework-win-MediaFoundation: 216162199b28c13a410421893ffa2e32 -> 
  custom:video-decoder-ogg-theora: a1e56fd34408186e4bbccfd4996cb3dc -> 
  custom:container-muxer-webm: aa71ff27fc2769a1b78a27578f13a17b -> 
  custom:container-demuxer-webm: 4f35f7cbe854078d1ac9338744f61a02 -> 
  custom:container-demuxer-ogg: 62fdf1f143b41e24485cea50d1cbac27 -> 
  custom:video-encoder-webm-vp8: eb34c28f22e8b96e1ab97ce403110664 -> 
  custom:video-decoder-webm-vp8: 9c59270c3fd7afecdb556c50c9e8de78 -> 
  custom:audio-decoder-ogg-vorbis: bf7c407c2cedff20999df2af8eb42d56 -> 
  custom:audio-encoder-webm-vorbis: bf7c407c2cedff20999df2af8eb42d56 -> 
========================================================================
Received Import Request.
  Time since last request: 423.593037 seconds.
  path: Assets/Scripts/Dialogo_Dos.cs
  artifactKey: Guid(31dea4f19e798f447bb4e315c45b44cc) Importer(815301076,1909f56bfc062723c751e8b465ee728b)
Start importing Assets/Scripts/Dialogo_Dos.cs using Guid(31dea4f19e798f447bb4e315c45b44cc) Importer(815301076,1909f56bfc062723c751e8b465ee728b)  -> (artifact id: '7137c4b09007070a491f8057f6a2a8b0') in 0.154251 seconds 
========================================================================
Received Import Request.
  Time since last request: 57.178717 seconds.
  path: Assets/Scripts/Dialogo_Dos.cs
  artifactKey: Guid(31dea4f19e798f447bb4e315c45b44cc) Importer(815301076,1909f56bfc062723c751e8b465ee728b)
Start importing Assets/Scripts/Dialogo_Dos.cs using Guid(31dea4f19e798f447bb4e315c45b44cc) Importer(815301076,1909f56bfc062723c751e8b465ee728b)  -> (artifact id: 'b0e90591a3ff8e6262543a948a9b10f5') in 0.025513 seconds 
========================================================================
Received Prepare
Registering precompiled user dll's ...
Registered in 0.030013 seconds.
Begin MonoManager ReloadAssembly
Symbol file LoadedFromMemory doesn't match image C:\Users\estef\OneDrive\Documents\COMBARC\Combarc V1\Library\PackageCache\com.unity.visualscripting@1.6.1\Editor\VisualScripting.Core\Dependencies\YamlDotNet\Unity.VisualScripting.YamlDotNet.dll
Symbol file LoadedFromMemory doesn't match image C:\Users\estef\OneDrive\Documents\COMBARC\Combarc V1\Library\PackageCache\com.unity.visualscripting@1.6.1\Editor\VisualScripting.Core\Dependencies\DotNetZip\Unity.VisualScripting.IonicZip.dll
Native extension for WindowsStandalone target not found
Native extension for WebGL target not found
Refreshing native plugins compatible for Editor in 1.89 ms, found 4 plugins.
Preloading 0 native plugins for Editor in 0.00 ms.
Mono: successfully reloaded assembly
- Completed reload, in  4.733 seconds
Domain Reload Profiling:
	ReloadAssembly (4740ms)
		BeginReloadAssembly (1438ms)
			ExecutionOrderSort (0ms)
			DisableScriptedObjects (188ms)
			BackupInstance (0ms)
			ReleaseScriptingObjects (0ms)
			CreateAndSetChildDomain (751ms)
		EndReloadAssembly (2866ms)
			LoadAssemblies (536ms)
			RebuildTransferFunctionScriptingTraits (0ms)
			SetupTypeCache (1115ms)
			ReleaseScriptCaches (3ms)
			RebuildScriptCaches (139ms)
			SetupLoadedEditorAssemblies (984ms)
				LogAssemblyErrors (0ms)
				InitializePlatformSupportModulesInManaged (15ms)
				SetLoadedEditorAssemblies (1ms)
				RefreshPlugins (2ms)
				BeforeProcessingInitializeOnLoad (171ms)
				ProcessInitializeOnLoadAttributes (753ms)
				ProcessInitializeOnLoadMethodAttributes (20ms)
				AfterProcessingInitializeOnLoad (22ms)
				EditorAssembliesLoaded (0ms)
			ExecutionOrderSort2 (0ms)
			AwakeInstancesAfterBackupRestoration (26ms)
Platform modules already initialized, skipping
Refreshing native plugins compatible for Editor in 2.13 ms, found 4 plugins.
Preloading 0 native plugins for Editor in 0.00 ms.
Unloading 3832 Unused Serialized files (Serialized files now loaded: 0)
System memory in use before: 143.1 MB.
System memory in use after: 143.2 MB.

Unloading 25 unused Assets to reduce memory usage. Loaded Objects now: 4305.
Total: 9.709800 ms (FindLiveObjects: 0.607400 ms CreateObjectMapping: 0.327500 ms MarkObjects: 8.570600 ms  DeleteObjects: 0.201400 ms)

AssetImportParameters requested are different than current active one (requested -> active):
  custom:framework-win-MediaFoundation: 216162199b28c13a410421893ffa2e32 -> 
  custom:video-decoder-ogg-theora: a1e56fd34408186e4bbccfd4996cb3dc -> 
  custom:container-muxer-webm: aa71ff27fc2769a1b78a27578f13a17b -> 
  custom:container-demuxer-webm: 4f35f7cbe854078d1ac9338744f61a02 -> 
  custom:container-demuxer-ogg: 62fdf1f143b41e24485cea50d1cbac27 -> 
  custom:video-encoder-webm-vp8: eb34c28f22e8b96e1ab97ce403110664 -> 
  custom:video-decoder-webm-vp8: 9c59270c3fd7afecdb556c50c9e8de78 -> 
  custom:audio-decoder-ogg-vorbis: bf7c407c2cedff20999df2af8eb42d56 -> 
  custom:audio-encoder-webm-vorbis: bf7c407c2cedff20999df2af8eb42d56 -> 
========================================================================
Received Import Request.
  Time since last request: 175.498527 seconds.
  path: Assets/Images/Isotipo.png
  artifactKey: Guid(4695612bc3ce0024aa517e4f9d3c133e) Importer(815301076,1909f56bfc062723c751e8b465ee728b)
Start importing Assets/Images/Isotipo.png using Guid(4695612bc3ce0024aa517e4f9d3c133e) Importer(815301076,1909f56bfc062723c751e8b465ee728b)  -> (artifact id: '77fffdb8d895410c1d8cd6801452ef56') in 0.394206 seconds 
========================================================================
Received Import Request.
  Time since last request: 24.971534 seconds.
  path: Assets/Images/Isotipo.png
  artifactKey: Guid(4695612bc3ce0024aa517e4f9d3c133e) Importer(815301076,1909f56bfc062723c751e8b465ee728b)
Start importing Assets/Images/Isotipo.png using Guid(4695612bc3ce0024aa517e4f9d3c133e) Importer(815301076,1909f56bfc062723c751e8b465ee728b)  -> (artifact id: 'b1c38c695d69d24d50600bbbdb9c5fe2') in 0.529785 seconds 
========================================================================
Received Import Request.
  Time since last request: 920.398668 seconds.
  path: Assets/Scenes/Dialog Pt2.unity
  artifactKey: Guid(081a8ed5370cc0a4bb51b9025597b90d) Importer(815301076,1909f56bfc062723c751e8b465ee728b)
Start importing Assets/Scenes/Dialog Pt2.unity using Guid(081a8ed5370cc0a4bb51b9025597b90d) Importer(815301076,1909f56bfc062723c751e8b465ee728b)  -> (artifact id: 'c33264fe4757ef7014554d8a262237c5') in 0.502927 seconds 
========================================================================
Received Import Request.
  Time since last request: 44.175483 seconds.
  path: Assets/Scenes/Fight Scene.unity
  artifactKey: Guid(2cda990e2423bbf4892e6590ba056729) Importer(815301076,1909f56bfc062723c751e8b465ee728b)
Start importing Assets/Scenes/Fight Scene.unity using Guid(2cda990e2423bbf4892e6590ba056729) Importer(815301076,1909f56bfc062723c751e8b465ee728b)  -> (artifact id: '7ce320ee9743f0b75d47f9a8c838938a') in 0.017337 seconds 
========================================================================
Received Import Request.
  Time since last request: 10.241103 seconds.
  path: Assets/Scenes/Loading Scene 2.unity
  artifactKey: Guid(2357dcd7bed6a704591b870e5ae96116) Importer(815301076,1909f56bfc062723c751e8b465ee728b)
Start importing Assets/Scenes/Loading Scene 2.unity using Guid(2357dcd7bed6a704591b870e5ae96116) Importer(815301076,1909f56bfc062723c751e8b465ee728b)  -> (artifact id: '6513a75bc5f4740d641b2a783a2ebdfe') in 0.018333 seconds 
========================================================================
Received Import Request.
  Time since last request: 47.274795 seconds.
  path: Assets/Scenes/Running Scene.unity
  artifactKey: Guid(75ba242f20973324b94ca01aee9d476f) Importer(815301076,1909f56bfc062723c751e8b465ee728b)
Start importing Assets/Scenes/Running Scene.unity using Guid(75ba242f20973324b94ca01aee9d476f) Importer(815301076,1909f56bfc062723c751e8b465ee728b)  -> (artifact id: '9cb8f287dabfa5bdc85c25b5f86ae421') in 0.013277 seconds 
========================================================================
Received Import Request.
  Time since last request: 3.956847 seconds.
  path: Assets/Scenes/ToBeContinue.unity
  artifactKey: Guid(0708008e33f8ffa4e8def8641086495f) Importer(815301076,1909f56bfc062723c751e8b465ee728b)
Start importing Assets/Scenes/ToBeContinue.unity using Guid(0708008e33f8ffa4e8def8641086495f) Importer(815301076,1909f56bfc062723c751e8b465ee728b)  -> (artifact id: '102f47ae223f260f48eb8f6e9942edf3') in 0.019876 seconds 
